[2021-06-24 17:49:17] [ERROR][main] [SocketPacketHandler:96] - Invalid class [com.mmorpg.qx.module.mwn.packet.MwnListReq] no field use annotation @com.baidu.bjf.remoting.protobuf.annotation.Protobuf at class com.mmorpg.qx.module.mwn.packet.MwnListReq
[2021-06-24 17:49:20] [ERROR][main] [SocketPacketHandler:96] - Invalid class [com.mmorpg.qx.module.player.packet.GetPlayerListReq] no field use annotation @com.baidu.bjf.remoting.protobuf.annotation.Protobuf at class com.mmorpg.qx.module.player.packet.GetPlayerListReq
[2021-06-24 17:49:20] [ERROR][main] [SocketPacketHandler:96] - Invalid class [com.mmorpg.qx.module.player.packet.PlayerHeartBeatReq] no field use annotation @com.baidu.bjf.remoting.protobuf.annotation.Protobuf at class com.mmorpg.qx.module.player.packet.PlayerHeartBeatReq
[2021-06-24 17:49:20] [ERROR][main] [SocketPacketHandler:96] - Invalid class [com.mmorpg.qx.module.player.packet.PlayerHeartBeatResp] no field use annotation @com.baidu.bjf.remoting.protobuf.annotation.Protobuf at class com.mmorpg.qx.module.player.packet.PlayerHeartBeatResp
[2021-06-24 17:49:20] [ERROR][main] [SocketPacketHandler:96] - Invalid class [com.mmorpg.qx.module.player.packet.PlayerQuitReq] no field use annotation @com.baidu.bjf.remoting.protobuf.annotation.Protobuf at class com.mmorpg.qx.module.player.packet.PlayerQuitReq
[2021-06-24 17:49:23] [ERROR][main] [SocketPacketHandler:96] - Invalid class [com.mmorpg.qx.module.roundFight.packet.DiedMwnReq] no field use annotation @com.baidu.bjf.remoting.protobuf.annotation.Protobuf at class com.mmorpg.qx.module.roundFight.packet.DiedMwnReq
[2021-06-24 17:49:24] [ERROR][main] [SocketPacketHandler:96] - Invalid class [com.mmorpg.qx.module.roundFight.packet.EquipmentInfoReq] no field use annotation @com.baidu.bjf.remoting.protobuf.annotation.Protobuf at class com.mmorpg.qx.module.roundFight.packet.EquipmentInfoReq
[2021-06-24 17:49:24] [ERROR][main] [SocketPacketHandler:96] - Invalid class [com.mmorpg.qx.module.roundFight.packet.EscapeMwnFightReq] no field use annotation @com.baidu.bjf.remoting.protobuf.annotation.Protobuf at class com.mmorpg.qx.module.roundFight.packet.EscapeMwnFightReq
[2021-06-24 17:49:25] [ERROR][main] [SocketPacketHandler:96] - Invalid class [com.mmorpg.qx.module.roundFight.packet.NotifyEndRoundReq] no field use annotation @com.baidu.bjf.remoting.protobuf.annotation.Protobuf at class com.mmorpg.qx.module.roundFight.packet.NotifyEndRoundReq
[2021-06-24 17:49:25] [ERROR][main] [SocketPacketHandler:96] - Invalid class [com.mmorpg.qx.module.roundFight.packet.OffLineRoundLogReq] no field use annotation @com.baidu.bjf.remoting.protobuf.annotation.Protobuf at class com.mmorpg.qx.module.roundFight.packet.OffLineRoundLogReq
[2021-06-24 17:49:26] [ERROR][main] [SocketPacketHandler:96] - Invalid class [com.mmorpg.qx.module.roundFight.packet.PlayerQuitRoomReq] no field use annotation @com.baidu.bjf.remoting.protobuf.annotation.Protobuf at class com.mmorpg.qx.module.roundFight.packet.PlayerQuitRoomReq
[2021-06-24 17:49:26] [ERROR][main] [SocketPacketHandler:96] - Invalid class [com.mmorpg.qx.module.roundFight.packet.PlayerThrowDiceReq] no field use annotation @com.baidu.bjf.remoting.protobuf.annotation.Protobuf at class com.mmorpg.qx.module.roundFight.packet.PlayerThrowDiceReq
[2021-06-24 17:49:27] [ERROR][main] [SocketPacketHandler:96] - Invalid class [com.mmorpg.qx.module.roundFight.packet.RoomInfoReq] no field use annotation @com.baidu.bjf.remoting.protobuf.annotation.Protobuf at class com.mmorpg.qx.module.roundFight.packet.RoomInfoReq
[2021-06-24 17:49:27] [ERROR][main] [SocketPacketHandler:96] - Invalid class [com.mmorpg.qx.module.roundFight.packet.ServerAskCliRoundLogResp] no field use annotation @com.baidu.bjf.remoting.protobuf.annotation.Protobuf at class com.mmorpg.qx.module.roundFight.packet.ServerAskCliRoundLogResp
[2021-06-24 17:49:28] [ERROR][main] [SocketPacketHandler:96] - Invalid class [com.mmorpg.qx.module.roundFight.packet.TrainerAllCardsReq] no field use annotation @com.baidu.bjf.remoting.protobuf.annotation.Protobuf at class com.mmorpg.qx.module.roundFight.packet.TrainerAllCardsReq
[2021-06-24 17:49:28] [ERROR][main] [SocketPacketHandler:96] - Invalid class [com.mmorpg.qx.module.roundFight.packet.TrainerExtractCardReq] no field use annotation @com.baidu.bjf.remoting.protobuf.annotation.Protobuf at class com.mmorpg.qx.module.roundFight.packet.TrainerExtractCardReq
[2021-06-24 17:49:28] [ERROR][main] [SocketPacketHandler:96] - Invalid class [com.mmorpg.qx.module.roundFight.packet.TrainerFightReadyReq] no field use annotation @com.baidu.bjf.remoting.protobuf.annotation.Protobuf at class com.mmorpg.qx.module.roundFight.packet.TrainerFightReadyReq
[2021-06-24 17:49:33] [ERROR][main] [SocketPacketHandler:96] - Invalid class [com.mmorpg.qx.module.trainer.packet.TrainerListReq] no field use annotation @com.baidu.bjf.remoting.protobuf.annotation.Protobuf at class com.mmorpg.qx.module.trainer.packet.TrainerListReq
[2021-06-24 17:55:47] [ERROR][main] [SocketPacketHandler:96] - Invalid class [com.mmorpg.qx.module.mwn.packet.MwnListReq] no field use annotation @com.baidu.bjf.remoting.protobuf.annotation.Protobuf at class com.mmorpg.qx.module.mwn.packet.MwnListReq
[2021-06-24 17:56:17] [ERROR][main] [SocketPacketHandler:96] - Invalid class [com.mmorpg.qx.module.player.packet.GetPlayerListReq] no field use annotation @com.baidu.bjf.remoting.protobuf.annotation.Protobuf at class com.mmorpg.qx.module.player.packet.GetPlayerListReq
[2021-06-24 17:56:18] [ERROR][main] [SocketPacketHandler:96] - Invalid class [com.mmorpg.qx.module.player.packet.PlayerHeartBeatReq] no field use annotation @com.baidu.bjf.remoting.protobuf.annotation.Protobuf at class com.mmorpg.qx.module.player.packet.PlayerHeartBeatReq
[2021-06-24 17:56:18] [ERROR][main] [SocketPacketHandler:96] - Invalid class [com.mmorpg.qx.module.player.packet.PlayerHeartBeatResp] no field use annotation @com.baidu.bjf.remoting.protobuf.annotation.Protobuf at class com.mmorpg.qx.module.player.packet.PlayerHeartBeatResp
[2021-06-24 17:56:18] [ERROR][main] [SocketPacketHandler:96] - Invalid class [com.mmorpg.qx.module.player.packet.PlayerQuitReq] no field use annotation @com.baidu.bjf.remoting.protobuf.annotation.Protobuf at class com.mmorpg.qx.module.player.packet.PlayerQuitReq
[2021-06-24 17:56:21] [ERROR][main] [SocketPacketHandler:96] - Invalid class [com.mmorpg.qx.module.roundFight.packet.DiedMwnReq] no field use annotation @com.baidu.bjf.remoting.protobuf.annotation.Protobuf at class com.mmorpg.qx.module.roundFight.packet.DiedMwnReq
[2021-06-24 17:56:21] [ERROR][main] [SocketPacketHandler:96] - Invalid class [com.mmorpg.qx.module.roundFight.packet.EquipmentInfoReq] no field use annotation @com.baidu.bjf.remoting.protobuf.annotation.Protobuf at class com.mmorpg.qx.module.roundFight.packet.EquipmentInfoReq
[2021-06-24 17:56:21] [ERROR][main] [SocketPacketHandler:96] - Invalid class [com.mmorpg.qx.module.roundFight.packet.EscapeMwnFightReq] no field use annotation @com.baidu.bjf.remoting.protobuf.annotation.Protobuf at class com.mmorpg.qx.module.roundFight.packet.EscapeMwnFightReq
[2021-06-24 17:56:23] [ERROR][main] [SocketPacketHandler:96] - Invalid class [com.mmorpg.qx.module.roundFight.packet.NotifyEndRoundReq] no field use annotation @com.baidu.bjf.remoting.protobuf.annotation.Protobuf at class com.mmorpg.qx.module.roundFight.packet.NotifyEndRoundReq
[2021-06-24 17:56:23] [ERROR][main] [SocketPacketHandler:96] - Invalid class [com.mmorpg.qx.module.roundFight.packet.OffLineRoundLogReq] no field use annotation @com.baidu.bjf.remoting.protobuf.annotation.Protobuf at class com.mmorpg.qx.module.roundFight.packet.OffLineRoundLogReq
[2021-06-24 17:56:23] [ERROR][main] [SocketPacketHandler:96] - Invalid class [com.mmorpg.qx.module.roundFight.packet.PlayerQuitRoomReq] no field use annotation @com.baidu.bjf.remoting.protobuf.annotation.Protobuf at class com.mmorpg.qx.module.roundFight.packet.PlayerQuitRoomReq
[2021-06-24 17:56:24] [ERROR][main] [SocketPacketHandler:96] - Invalid class [com.mmorpg.qx.module.roundFight.packet.PlayerThrowDiceReq] no field use annotation @com.baidu.bjf.remoting.protobuf.annotation.Protobuf at class com.mmorpg.qx.module.roundFight.packet.PlayerThrowDiceReq
[2021-06-24 17:56:24] [ERROR][main] [SocketPacketHandler:96] - Invalid class [com.mmorpg.qx.module.roundFight.packet.RoomInfoReq] no field use annotation @com.baidu.bjf.remoting.protobuf.annotation.Protobuf at class com.mmorpg.qx.module.roundFight.packet.RoomInfoReq
[2021-06-24 17:56:25] [ERROR][main] [SocketPacketHandler:96] - Invalid class [com.mmorpg.qx.module.roundFight.packet.ServerAskCliRoundLogResp] no field use annotation @com.baidu.bjf.remoting.protobuf.annotation.Protobuf at class com.mmorpg.qx.module.roundFight.packet.ServerAskCliRoundLogResp
[2021-06-24 17:56:25] [ERROR][main] [SocketPacketHandler:96] - Invalid class [com.mmorpg.qx.module.roundFight.packet.TrainerAllCardsReq] no field use annotation @com.baidu.bjf.remoting.protobuf.annotation.Protobuf at class com.mmorpg.qx.module.roundFight.packet.TrainerAllCardsReq
[2021-06-24 17:56:25] [ERROR][main] [SocketPacketHandler:96] - Invalid class [com.mmorpg.qx.module.roundFight.packet.TrainerExtractCardReq] no field use annotation @com.baidu.bjf.remoting.protobuf.annotation.Protobuf at class com.mmorpg.qx.module.roundFight.packet.TrainerExtractCardReq
[2021-06-24 17:56:25] [ERROR][main] [SocketPacketHandler:96] - Invalid class [com.mmorpg.qx.module.roundFight.packet.TrainerFightReadyReq] no field use annotation @com.baidu.bjf.remoting.protobuf.annotation.Protobuf at class com.mmorpg.qx.module.roundFight.packet.TrainerFightReadyReq
[2021-06-24 17:56:59] [ERROR][main] [SocketPacketHandler:96] - Invalid class [com.mmorpg.qx.module.trainer.packet.TrainerListReq] no field use annotation @com.baidu.bjf.remoting.protobuf.annotation.Protobuf at class com.mmorpg.qx.module.trainer.packet.TrainerListReq
